2017-10-30 17:14:25,051 - plog - INFO - http://111111
2017-10-30 17:14:25,058 - plog - INFO - [-1 -1 -1 -1 -1 -1 -1  1  0 -1 -1 -1  1 -1 -1 -1 -1  1 -1 -1 -1 -1 -1  0  1
 -1  0  1 -1  0]
2017-10-30 17:14:50,704 - plog - INFO - http://111111222
2017-10-30 17:15:00,715 - plog - INFO - [-1 -1 -1 -1 -1 -1 -1  1  0 -1 -1 -1  1 -1 -1 -1 -1  1 -1 -1 -1 -1 -1  0  1
 -1  0  1 -1  0]
2017-10-30 17:15:14,806 - plog - INFO - http://blog.csdn.net/sqzhao/article/details/49499471
2017-10-30 17:15:19,051 - plog - INFO - [-1 -1  1 -1 -1 -1 -1  1  0 -1 -1 -1  1 -1  1 -1 -1  1 -1 -1 -1 -1  1  0  1
 -1  0  1 -1  0]
2017-10-30 17:34:08,292 - plog - INFO - http://blog.csdn.net/sqzhao/article/details/49499471
2017-10-30 17:34:08,457 - plog - INFO - [-1 -1  1 -1 -1 -1 -1  1  0 -1 -1 -1  1 -1  1 -1 -1  1 -1 -1 -1 -1 -1  0  1
 -1  0  1 -1  0]
2017-10-30 17:35:29,886 - plog - INFO - http://blog.csdn.net/sqzhao/article/details/49499471
2017-10-30 17:35:34,244 - plog - INFO - [-1 -1  1 -1 -1 -1 -1  1  0 -1 -1 -1  1 -1  1 -1 -1  1 -1 -1 -1 -1  1  0  1
 -1  0  1 -1  0]
2017-10-30 17:35:34,244 - plog - INFO - [-0.93309674]
2017-10-30 17:42:55,689 - plog - INFO - http://blog.csdn.net/sqzhao/article/details/49499471
2017-10-30 17:42:56,235 - plog - INFO - [-1 -1  1 -1 -1 -1 -1  1  0 -1 -1 -1  1 -1  1 -1 -1  1 -1 -1 -1 -1 -1  0  1
 -1  0  1 -1  0]
2017-10-30 17:42:56,235 - plog - INFO - [-0.93300997]
2017-10-30 17:52:35,520 - plog - INFO - https://ep.tclcom.com/Pages/default.aspx
2017-10-30 17:52:35,717 - plog - INFO - [-1 -1 -1 -1 -1 -1 -1 -1  0 -1 -1 -1  1 -1 -1 -1 -1  1 -1 -1 -1 -1 -1  0  1
 -1  0  1 -1  0]
2017-10-30 17:52:35,717 - plog - INFO - -0.93
2017-10-30 17:55:12,968 - plog - INFO - https://ep.tclcom.com/Pages/default.aspx
2017-10-30 17:55:13,151 - plog - INFO - [-1 -1 -1 -1 -1 -1 -1 -1  0 -1 -1 -1  1 -1 -1 -1 -1  1 -1 -1 -1 -1 -1  0  1
 -1  0  1 -1  0]
2017-10-30 17:55:13,152 - plog - INFO - -0.93
2017-10-30 17:56:30,667 - plog - INFO - https://ep.tclcom.com/Pages/default.aspx
2017-10-30 17:56:30,850 - plog - INFO - [-1 -1 -1 -1 -1 -1 -1 -1  0 -1 -1 -1  1 -1 -1 -1 -1  1 -1 -1 -1 -1 -1  0  1
 -1  0  1 -1  0]
2017-10-30 17:56:30,850 - plog - INFO - -0.93
2017-10-30 17:57:15,280 - plog - INFO - https://ep.tclcom.com/Pages/default.aspx
2017-10-30 17:57:15,463 - plog - INFO - [-1 -1 -1 -1 -1 -1 -1 -1  0 -1 -1 -1  1 -1 -1 -1 -1  1 -1 -1 -1 -1 -1  0  1
 -1  0  1 -1  0]
2017-10-30 17:57:15,463 - plog - INFO - -0.93
2017-10-30 18:01:53,021 - plog - INFO - https://github.com/search?utf8=%E2%9C%93&q=weights.&type=
2017-10-30 18:01:54,378 - plog - INFO - [-1 -1  1 -1 -1 -1 -1 -1  0 -1 -1 -1  1 -1  1 -1 -1  1 -1 -1 -1 -1 -1  0  1
 -1  0  1 -1  0]
2017-10-30 18:01:54,378 - plog - INFO - -0.93
2017-10-30 18:02:26,229 - plog - INFO - https://www.baidu.com
2017-10-30 18:02:26,275 - plog - INFO - [-1 -1  1 -1 -1 -1 -1 -1  0 -1 -1 -1  1 -1  1 -1 -1  1 -1 -1 -1 -1 -1  0  1
 -1  0  1 -1  0]
2017-10-30 18:02:26,275 - plog - INFO - -0.93
2017-10-31 09:18:50,788 - plog - INFO - https://www.baidu.com/s?ie=utf-8&f=8&rsv_bp=1&rsv_idx=1&tn=baidu&wd=csdn&oq=python%2520%25E5%25AD%2597%25E7%25AC%25A6%25E4%25B8%
2017-10-31 09:18:51,231 - plog - INFO - [-1  1  1 -1 -1 -1 -1 -1  0 -1 -1 -1 -1 -1  1 -1 -1  1 -1 -1 -1 -1 -1  0  1
 -1  0  1 -1  0]
2017-10-31 09:18:51,240 - plog - INFO - -0.98
2017-10-31 09:18:59,921 - plog - INFO - http://111111
2017-10-31 09:18:59,922 - plog - INFO - None
2017-10-31 09:19:11,231 - plog - INFO - http://111111
2017-10-31 09:19:11,232 - plog - INFO - None
2017-10-31 09:20:57,648 - plog - INFO - http://111111
2017-10-31 09:21:43,697 - plog - INFO - http://111111
2017-10-31 09:33:01,850 - plog - INFO - http://111111
2017-10-31 09:40:53,429 - plog - INFO - http://111111
2017-10-31 09:42:11,801 - plog - INFO - http://111111
2017-10-31 09:44:58,097 - plog - INFO - http://111111
2017-10-31 09:45:48,803 - plog - INFO - http://111111
2017-10-31 09:47:55,088 - plog - INFO - http://111111
2017-10-31 09:48:42,921 - plog - INFO - http://111111
2017-10-31 09:51:32,022 - plog - INFO - http://111111
2017-10-31 09:51:44,483 - plog - INFO - http://blog.csdn.net/sqzhao/article/details/49499471
2017-10-31 09:53:42,325 - plog - INFO - http://blog.csdn.net/sqzhao/article/details/49499471
2017-10-31 09:53:43,120 - plog - INFO - [-1 -1  1 -1 -1 -1 -1  1  0 -1 -1 -1  1 -1  1 -1 -1  1 -1 -1 -1 -1  1  0  1
 -1  0  1 -1  0]
2017-10-31 09:53:43,121 - plog - INFO - -0.98
2017-10-31 09:57:03,965 - plog - INFO - http://cirt.net/rfiinc.txt.php
2017-10-31 09:57:04,973 - plog - INFO - [-1 -1  1 -1 -1 -1 -1  1  0 -1 -1 -1  1 -1  1 -1 -1  1 -1 -1 -1 -1 -1  0  1
 -1  0  1 -1  0]
2017-10-31 09:57:04,973 - plog - INFO - -0.97
2017-10-31 09:57:19,130 - plog - INFO - http://blog.csdn.net/sqzhao/article/details/49499471
2017-10-31 09:57:20,557 - plog - INFO - [-1 -1  1 -1 -1 -1 -1  1  0 -1 -1 -1  1 -1  1 -1 -1  1 -1 -1 -1 -1  1  0  1
 -1  0  1 -1  0]
2017-10-31 09:57:20,557 - plog - INFO - -0.98
2019-02-01 10:48:15,181 - plog - INFO - https://www.cnblogs.com/nkwy2012/p/6023719.html
2019-02-01 10:48:16,281 - plog - INFO - [-1 -1  0 -1 -1 -1 -1 -1  0 -1 -1 -1  0  0  0  0  0  0  0  0  0  0  0  0  0
  0  0  0  0  0]
2019-02-01 10:49:54,592 - plog - INFO - https://blog.csdn.net/kkkkkiko/article/details/80995807
2019-02-01 10:49:55,180 - plog - INFO - [-1 -1  0 -1 -1 -1 -1 -1  0 -1 -1 -1  0  0  0  0  0  0  0  0  0  0  0  0  0
  0  0  0  0  0]
2019-02-01 10:55:24,916 - plog - INFO - https://blog.csdn.net/konglongaa/article/details/80246340
2019-02-01 10:55:25,525 - plog - INFO - [-1 -1  0 -1 -1 -1 -1 -1  0 -1 -1 -1  0  0  0  0  0  0  0  0  0  0  0  0  0
  0  0  0  0  0]
2019-02-01 10:57:11,933 - plog - INFO - https://blog.csdn.net/konglongaa/article/details/80246340
2019-02-01 10:57:12,469 - plog - INFO - [-1 -1  0 -1 -1 -1 -1 -1  0 -1 -1 -1  0  0  0  0  0  0  0  0  0  0  0  0  0
  0  0  0  0  0]
2019-02-01 11:10:10,659 - plog - INFO - https://blog.csdn.net/konglongaa/article/details/80246340
2019-02-01 11:10:11,353 - plog - INFO - [-1 -1  0 -1 -1 -1 -1 -1  0 -1 -1 -1  0  0  0  0  0  0  0  0  0  0  0  0  0
  0  0  0  0  0]
2019-02-01 11:14:49,155 - plog - INFO - https://blog.csdn.net/konglongaa/article/details/80246340
2019-02-01 11:14:49,822 - plog - INFO - [-1 -1 -1 -1 -1 -1 -1 -1  0 -1 -1 -1  1 -1  1 -1 -1  1  1 -1 -1 -1 -1  0  1
  1  1  1  1  0]
